app/build/intermediates/manifest_merge_blame_file/debug/manifest-merger-blame-debug-report.txt
1<?xml version="1.0" encoding="utf-8"?>
2<manifest xmlns:android="http://schemas.android.com/apk/res/android"
3    package="com.kong.nightrunning"
4    android:versionCode="1"
5    android:versionName="1.0" >
6
7    <uses-sdk
8        android:minSdkVersion="24"
8-->src\main\AndroidManifest.xml
9        android:targetSdkVersion="29" />
9-->src\main\AndroidManifest.xml
10    <!-- 高德地图需要的权限 -->
11    <!-- 允许程序打开网络套接字 -->
12    <uses-permission android:name="android.permission.INTERNET" />
12-->src\main\AndroidManifest.xml:6:5-67
12-->src\main\AndroidManifest.xml:6:22-64
13    <!-- 允许程序设置内置sd卡的写权限 -->
14    <uses-permission android:name="android.permission.WRITE_EXTERNAL_STORAGE" />
14-->src\main\AndroidManifest.xml:8:5-81
14-->src\main\AndroidManifest.xml:8:22-78
15    <!-- 允许程序获取网络状态 -->
16    <uses-permission android:name="android.permission.ACCESS_NETWORK_STATE" />
16-->src\main\AndroidManifest.xml:10:5-79
16-->src\main\AndroidManifest.xml:10:22-76
17    <!-- 允许程序访问WiFi网络信息 -->
18    <uses-permission android:name="android.permission.ACCESS_WIFI_STATE" />
18-->src\main\AndroidManifest.xml:12:5-76
18-->src\main\AndroidManifest.xml:12:22-73
19    <!-- 允许程序读写手机状态和身份 -->
20    <uses-permission android:name="android.permission.READ_PHONE_STATE" />
20-->src\main\AndroidManifest.xml:14:5-75
20-->src\main\AndroidManifest.xml:14:22-72
21    <!-- 允许程序访问CellID或WiFi热点来获取粗略的位置 -->
22    <uses-permission android:name="android.permission.ACCESS_COARSE_LOCATION" />
22-->src\main\AndroidManifest.xml:16:5-81
22-->src\main\AndroidManifest.xml:16:22-78
23    <!-- 高德地图定位所需权限 -->
24    <!-- 用于申请调用A-GPS模块 -->
25    <uses-permission android:name="android.permission.ACCESS_LOCATION_EXTRA_COMMANDS" />
25-->src\main\AndroidManifest.xml:19:5-89
25-->src\main\AndroidManifest.xml:19:22-86
26    <!-- 用于访问网络，网络定位需要上网 -->
27    <uses-permission android:name="android.permission.INTERNET" />
27-->src\main\AndroidManifest.xml:6:5-67
27-->src\main\AndroidManifest.xml:6:22-64
28    <!-- 用于访问GPS定位 -->
29    <uses-permission android:name="android.permission.ACCESS_FINE_LOCATION" />
29-->src\main\AndroidManifest.xml:23:5-79
29-->src\main\AndroidManifest.xml:23:22-76
30    <!-- 用于获取wifi的获取权限，wifi信息会用来进行网络定位 -->
31    <uses-permission android:name="android.permission.CHANGE_WIFI_STATE" />
31-->src\main\AndroidManifest.xml:25:5-76
31-->src\main\AndroidManifest.xml:25:22-73
32    <uses-permission android:name="android.permission.READ_EXTERNAL_STORAGE" />
32-->src\main\AndroidManifest.xml:27:5-80
32-->src\main\AndroidManifest.xml:27:22-77
33
34    <!-- 活动 -->
35    <application
35-->src\main\AndroidManifest.xml:30:5-55:19
36        android:allowBackup="true"
36-->src\main\AndroidManifest.xml:31:9-35
37        android:appComponentFactory="androidx.core.app.CoreComponentFactory"
37-->[androidx.core:core:1.1.0] AndroidManifest.xml:24:18-86
38        android:debuggable="true"
39        android:extractNativeLibs="false"
40        android:icon="@drawable/logo"
40-->src\main\AndroidManifest.xml:32:9-38
41        android:label="@string/app_name"
41-->src\main\AndroidManifest.xml:33:9-41
42        android:roundIcon="@mipmap/ic_launcher_round"
42-->src\main\AndroidManifest.xml:34:9-54
43        android:supportsRtl="true"
43-->src\main\AndroidManifest.xml:35:9-35
44        android:testOnly="true"
45        android:theme="@style/AppTheme" >
45-->src\main\AndroidManifest.xml:36:9-40
46        <activity android:name="com.kong.nightrunning.UserRegisteredActivity" />
46-->src\main\AndroidManifest.xml:37:9-60
46-->src\main\AndroidManifest.xml:37:19-57
47        <activity android:name="com.kong.nightrunning.UserLoginActivity" />
47-->src\main\AndroidManifest.xml:38:9-55
47-->src\main\AndroidManifest.xml:38:19-52
48        <activity
48-->src\main\AndroidManifest.xml:40:9-47:20
49            android:name="com.kong.nightrunning.MainActivity"
49-->src\main\AndroidManifest.xml:41:13-41
50            android:launchMode="singleTask" >
50-->src\main\AndroidManifest.xml:42:13-44
51            <intent-filter>
51-->src\main\AndroidManifest.xml:43:13-46:29
52                <action android:name="android.intent.action.MAIN" />
52-->src\main\AndroidManifest.xml:44:17-69
52-->src\main\AndroidManifest.xml:44:25-66
53
54                <category android:name="android.intent.category.LAUNCHER" />
54-->src\main\AndroidManifest.xml:45:17-77
54-->src\main\AndroidManifest.xml:45:27-74
55            </intent-filter>
56        </activity>
57        <!-- 服务 -->
58        <service android:name="com.kong.nightrunning.NightRunningService" />
58-->src\main\AndroidManifest.xml:49:9-56
58-->src\main\AndroidManifest.xml:49:18-53
59        <!-- 添加高德地图 Key -->
60        <meta-data
60-->src\main\AndroidManifest.xml:51:9-53:74
61            android:name="com.amap.api.v2.apikey"
61-->src\main\AndroidManifest.xml:52:13-50
62            android:value="af37360319da5aa1a56ebe367906f132" />
62-->src\main\AndroidManifest.xml:53:13-61
63
64        <provider
64-->[com.amitshekhar.android:debug-db:1.0.0] AndroidManifest.xml:33:9-37:40
65            android:name="com.amitshekhar.DebugDBInitProvider"
65-->[com.amitshekhar.android:debug-db:1.0.0] AndroidManifest.xml:34:13-63
66            android:authorities="com.kong.nightrunning.DebugDBInitProvider"
66-->[com.amitshekhar.android:debug-db:1.0.0] AndroidManifest.xml:35:13-71
67            android:enabled="true"
67-->[com.amitshekhar.android:debug-db:1.0.0] AndroidManifest.xml:36:13-35
68            android:exported="false" />
68-->[com.amitshekhar.android:debug-db:1.0.0] AndroidManifest.xml:37:13-37
69    </application>
70
71</manifest>